[20:54:28] [ServerMain/INFO]: Environment: authHost='https://authserver.mojang.com', accountsHost='https://api.mojang.com', sessionHost='https://sessionserver.mojang.com', servicesHost='https://api.minecraftservices.com', name='PROD'
[20:54:29] [ServerMain/INFO]: Reloading ResourceManager: Default, bukkit
[20:54:31] [Worker-Main-1/INFO]: Loaded 7 recipes
[20:54:34] [Server thread/INFO]: Starting minecraft server version 1.18.1
[20:54:35] [Server thread/INFO]: Loading properties
[20:54:35] [Server thread/INFO]: This server is running Patina version git-Paper-"4f577f6" (MC: 1.18.1) (Implementing API version 1.18.1-R0.1-SNAPSHOT) (Git: 4f577f6 on ver/1.18.1)
[20:54:35] [Server thread/INFO]: Server Ping Player Sample Count: 12
[20:54:35] [Server thread/INFO]: Using 4 threads for Netty based IO
[20:54:35] [Server thread/WARN]: [Pufferfish] To improve performance, timings have been disabled by default
[20:54:35] [Server thread/WARN]: [Pufferfish] You can still use timings by using /timings on, but they will not start on server startup unless you set timings.really-enabled to true in paper.yml
[20:54:35] [Server thread/WARN]: [Pufferfish] If you would like to disable this message, either set timings.really-enabled to true or timings.enabled to false.
[20:54:35] [Server thread/INFO]: Default game type: SURVIVAL
[20:54:35] [Server thread/INFO]: Generating keypair
[20:54:36] [Server thread/INFO]: Starting Minecraft server on *:25566
[20:54:36] [Server thread/INFO]: Using epoll channel type
[20:54:36] [Server thread/INFO]: Paper: Using libdeflate (Linux x86_64) compression from Velocity.
[20:54:36] [Server thread/INFO]: Paper: Using OpenSSL 1.1.x (Linux x86_64) cipher from Velocity.
[20:54:36] [Server thread/INFO]: Server permissions file permissions.yml is empty, ignoring it
[20:54:36] [Server thread/WARN]: **** SERVER IS RUNNING IN OFFLINE/INSECURE MODE!
[20:54:36] [Server thread/WARN]: The server will make no attempt to authenticate usernames. Beware.
[20:54:36] [Server thread/WARN]: Whilst this makes it possible to use BungeeCord, unless access to your server is properly restricted, it also opens up the ability for hackers to connect with any username they choose.
[20:54:36] [Server thread/WARN]: Please see http://www.spigotmc.org/wiki/firewall-guide/ for further information.
[20:54:36] [Server thread/WARN]: To change this, set "online-mode" to "true" in the server.properties file.
[20:54:36] [Server thread/INFO]: Preparing level "world"
[20:54:39] [Server thread/INFO]: Preparing start region for dimension minecraft:overworld
[20:54:40] [Server thread/INFO]: Time elapsed: 838 ms
[20:54:40] [Server thread/INFO]: Preparing start region for dimension minecraft:the_nether
[20:54:40] [Server thread/INFO]: Time elapsed: 397 ms
[20:54:40] [Server thread/INFO]: Preparing start region for dimension minecraft:the_end
[20:54:40] [Server thread/INFO]: Time elapsed: 444 ms
[20:54:41] [Server thread/INFO]: Running delayed init tasks
[20:54:41] [Server thread/INFO]: Done (6.124s)! For help, type "help"
[20:54:41] [Server thread/INFO]: Timings Reset
[20:59:32] [User Authenticator #1/INFO]: UUID of player KRISPIWINS is d80a6cc1-2a12-4ae4-a2f5-2b800d3a2f0f
[20:59:32] [Server thread/INFO]: KRISPIWINS joined the game
[20:59:32] [Server thread/INFO]: KRISPIWINS[/109.235.219.214:55817] logged in with entity id 86 at ([world]19.5, 97.0, 43.5)
[21:00:10] [Server thread/INFO]: KRISPIWINS lost connection: Disconnected
[21:00:10] [Server thread/INFO]: KRISPIWINS left the game
[21:00:24] [User Authenticator #1/INFO]: UUID of player KRISPIWINS is d80a6cc1-2a12-4ae4-a2f5-2b800d3a2f0f
[21:00:24] [Server thread/INFO]: KRISPIWINS joined the game
[21:00:24] [Server thread/INFO]: KRISPIWINS[/109.235.219.214:43979] logged in with entity id 101 at ([world]15.008204135946462, 96.0, 40.959119677956366)
[21:00:33] [Server thread/INFO]: KRISPIWINS lost connection: Disconnected
[21:00:33] [Server thread/INFO]: KRISPIWINS left the game
[21:00:54] [User Authenticator #1/INFO]: UUID of player KRISPIWINS is d80a6cc1-2a12-4ae4-a2f5-2b800d3a2f0f
[21:00:54] [Server thread/INFO]: KRISPIWINS joined the game
[21:00:54] [Server thread/INFO]: KRISPIWINS[/109.235.219.214:35431] logged in with entity id 107 at ([world]15.478244801665127, 96.0, 41.394266819221784)
[21:16:01] [Server thread/INFO]: Stopping server
[21:16:01] [Server thread/INFO]: Saving players
[21:16:01] [Server thread/INFO]: KRISPIWINS lost connection: Server closed
[21:16:01] [Server thread/INFO]: KRISPIWINS left the game
[21:16:01] [Server thread/INFO]: Saving worlds
[21:16:01] [Server thread/INFO]: Saving chunks for level 'ServerLevel[world]'/minecraft:overworld
[21:16:01] [Server thread/INFO]: Saving chunks for level 'ServerLevel[world_nether]'/minecraft:the_nether
[21:16:01] [Server thread/INFO]: Saving chunks for level 'ServerLevel[world_the_end]'/minecraft:the_end
[21:16:01] [Server thread/INFO]: ThreadedAnvilChunkStorage (world): All chunks are saved
[21:16:01] [Server thread/INFO]: ThreadedAnvilChunkStorage (DIM-1): All chunks are saved
[21:16:01] [Server thread/INFO]: ThreadedAnvilChunkStorage (DIM1): All chunks are saved
[21:16:01] [Server thread/INFO]: ThreadedAnvilChunkStorage: All dimensions are saved
[21:16:02] [Server thread/INFO]: Flushing Chunk IO
[21:16:02] [Server thread/INFO]: Closing Thread Pool
[21:16:02] [Server thread/INFO]: Closing Server
