[15:05:06] [ServerMain/INFO]: Environment: authHost='https://authserver.mojang.com', accountsHost='https://api.mojang.com', sessionHost='https://sessionserver.mojang.com', servicesHost='https://api.minecraftservices.com', name='PROD'
[15:05:07] [ServerMain/INFO]: Reloading ResourceManager: Default, bukkit
[15:05:08] [Worker-Main-1/INFO]: Loaded 7 recipes
[15:05:11] [Server thread/INFO]: Starting minecraft server version 1.18.1
[15:05:11] [Server thread/INFO]: Loading properties
[15:05:11] [Server thread/INFO]: This server is running Patina version git-Paper-"4f577f6" (MC: 1.18.1) (Implementing API version 1.18.1-R0.1-SNAPSHOT) (Git: 4f577f6 on ver/1.18.1)
[15:05:11] [Server thread/INFO]: Server Ping Player Sample Count: 12
[15:05:11] [Server thread/INFO]: Using 4 threads for Netty based IO
[15:05:11] [Server thread/WARN]: [Pufferfish] To improve performance, timings have been disabled by default
[15:05:11] [Server thread/WARN]: [Pufferfish] You can still use timings by using /timings on, but they will not start on server startup unless you set timings.really-enabled to true in paper.yml
[15:05:11] [Server thread/WARN]: [Pufferfish] If you would like to disable this message, either set timings.really-enabled to true or timings.enabled to false.
[15:05:11] [Server thread/INFO]: Default game type: SURVIVAL
[15:05:11] [Server thread/INFO]: Generating keypair
[15:05:11] [Server thread/INFO]: Starting Minecraft server on *:25567
[15:05:11] [Server thread/INFO]: Using epoll channel type
[15:05:11] [Server thread/INFO]: Paper: Using libdeflate (Linux x86_64) compression from Velocity.
[15:05:11] [Server thread/INFO]: Paper: Using OpenSSL 1.1.x (Linux x86_64) cipher from Velocity.
[15:05:12] [Server thread/INFO]: [Vault] Loading Vault v1.7.3-b131
[15:05:12] [Server thread/INFO]: [IridiumSkyblock] Loading IridiumSkyblock v3.2.5
[15:05:14] [Server thread/INFO]: [Multiverse-Core] Loading Multiverse-Core v4.3.1-b861
[15:05:14] [Server thread/INFO]: [Multiverse-Inventories] Loading Multiverse-Inventories v4.2.2-b500
[15:05:14] [Server thread/INFO]: [WorldTP] Loading WorldTP v1.2.4
[15:05:14] [Server thread/INFO]: Server permissions file permissions.yml is empty, ignoring it
[15:05:14] [Server thread/INFO]: [Vault] Enabling Vault v1.7.3-b131
[15:05:14] [Server thread/INFO]: [Vault] [Permission] SuperPermissions loaded as backup permission system.
[15:05:14] [Server thread/INFO]: [Vault] Enabled Version 1.7.3-b131
[15:05:14] [Server thread/WARN]: **** SERVER IS RUNNING IN OFFLINE/INSECURE MODE!
[15:05:14] [Server thread/WARN]: The server will make no attempt to authenticate usernames. Beware.
[15:05:14] [Server thread/WARN]: Whilst this makes it possible to use BungeeCord, unless access to your server is properly restricted, it also opens up the ability for hackers to connect with any username they choose.
[15:05:14] [Server thread/WARN]: Please see http://www.spigotmc.org/wiki/firewall-guide/ for further information.
[15:05:14] [Server thread/WARN]: To change this, set "online-mode" to "true" in the server.properties file.
[15:05:14] [Server thread/INFO]: Preparing level "world"
[15:05:16] [Server thread/INFO]: Preparing start region for dimension minecraft:overworld
[15:05:17] [Server thread/INFO]: Time elapsed: 661 ms
[15:05:17] [Server thread/INFO]: Preparing start region for dimension minecraft:the_nether
[15:05:17] [Server thread/INFO]: Time elapsed: 416 ms
[15:05:17] [Server thread/INFO]: Preparing start region for dimension minecraft:the_end
[15:05:17] [Server thread/INFO]: Time elapsed: 147 ms
[15:05:17] [Server thread/INFO]: [IridiumSkyblock] Enabling IridiumSkyblock v3.2.5
[15:05:18] [Server thread/INFO]: Preparing start region for dimension minecraft:iridiumskyblock
[15:05:18] [Server thread/INFO]: Time elapsed: 307 ms
[15:05:19] [Server thread/INFO]: Preparing start region for dimension minecraft:iridiumskyblock_nether
[15:05:19] [Server thread/INFO]: Time elapsed: 261 ms
[15:05:19] [Server thread/INFO]: Preparing start region for dimension minecraft:iridiumskyblock_the_end
[15:05:20] [Server thread/INFO]: Time elapsed: 213 ms
[15:05:20] [Server thread/INFO]: [IridiumSkyblock] ----------------------------------------
[15:05:20] [Server thread/INFO]: [IridiumSkyblock] 
[15:05:20] [Server thread/INFO]: [IridiumSkyblock] IridiumSkyblock Enabled!
[15:05:20] [Server thread/INFO]: [IridiumSkyblock] Version: 3.2.5
[15:05:20] [Server thread/INFO]: [IridiumSkyblock] 
[15:05:20] [Server thread/INFO]: [IridiumSkyblock] ----------------------------------------
[15:05:20] [Server thread/INFO]: [Multiverse-Core] Enabling Multiverse-Core v4.3.1-b861
[15:05:20] [Server thread/WARN]: [Multiverse-Core] "Multiverse-Core v4.3.1-b861" has registered a listener for org.bukkit.event.entity.EntityCreatePortalEvent on method "public void com.onarandombox.MultiverseCore.listeners.MVPortalListener.entityPortalCreate(org.bukkit.event.entity.EntityCreatePortalEvent)", but the event is Deprecated. "Server performance will be affected"; please notify the authors [dumptruckman, Rigby, fernferret, lithium3141, main--].
[15:05:20] [Server thread/INFO]: [Multiverse-Core] We are aware of the warning about the deprecated event. There is no alternative that allows us to do what we need to do and performance impact is negligible. It is safe to ignore.
[15:05:20] [Server thread/INFO]: [Multiverse-Core] 6 - World(s) loaded.
[15:05:20] [Server thread/WARN]: [Multiverse-Core] Buscript failed to load! The script command will be disabled! If you would like not to see this message, use `/mv conf enablebuscript false` to disable Buscript from loading.
[15:05:20] [Server thread/INFO]: [Multiverse-Core] Version 4.3.1-b861 (API v24) Enabled - By dumptruckman, Rigby, fernferret, lithium3141 and main--
[15:05:20] [Server thread/INFO]: [Multiverse-Inventories] Enabling Multiverse-Inventories v4.2.2-b500
[15:05:21] [Server thread/INFO]: [Multiverse-Inventories 4.2.2-b500] enabled.
[15:05:21] [Server thread/INFO]: [WorldTP] Enabling WorldTP v1.2.4
[15:05:21] [Server thread/INFO]: [WorldTP] WorldTP has been ENABLED
[15:05:21] [Server thread/INFO]: Running delayed init tasks
[15:05:21] [Server thread/WARN]: [IridiumSkyblock] You do not have an economy plugin installed (like Essentials)
[15:05:21] [Craft Scheduler Thread - 3 - Vault/INFO]: [Vault] Checking for Updates ... 
[15:05:21] [Server thread/INFO]: Done (10.138s)! For help, type "help"
[15:05:21] [Server thread/INFO]: Timings Reset
[15:05:22] [Craft Scheduler Thread - 3 - Vault/INFO]: [Vault] No new version available
[15:05:22] [Server thread/INFO]: [IridiumSkyblock] You are using the latest version of IridiumSkyblock.
[15:05:48] [User Authenticator #1/INFO]: UUID of player Test is 444cf323-978c-3e83-9288-612345bfec67
[15:05:48] [Server thread/INFO]: Test joined the game
[15:05:48] [Server thread/INFO]: Test[/109.235.219.214:54885] logged in with entity id 84 at ([world]-8.5, 64.0, 2.5)
[15:05:51] [Server thread/INFO]: Test fell from a high place
[15:05:55] [Server thread/INFO]: Test fell from a high place
[15:06:06] [User Authenticator #1/INFO]: UUID of player KRISPIWINS is 7d37b614-a227-3ed0-ae6d-5b1df6827db9
[15:06:07] [Server thread/INFO]: Disconnecting com.mojang.authlib.GameProfile@2ed30303[id=7d37b614-a227-3ed0-ae6d-5b1df6827db9,name=KRISPIWINS,properties={},legacy=false] (/109.235.219.214:47497): The server is full!
[15:06:07] [Server thread/INFO]: com.mojang.authlib.GameProfile@2ed30303[id=7d37b614-a227-3ed0-ae6d-5b1df6827db9,name=KRISPIWINS,properties={},legacy=false] (/109.235.219.214:47497) lost connection: The server is full!
[15:06:34] [Server thread/INFO]: Stopping server
[15:06:34] [Server thread/INFO]: [WorldTP] Disabling WorldTP v1.2.4
[15:06:34] [Server thread/INFO]: [WorldTP] WorldTP has been DISABLED
[15:06:34] [Server thread/INFO]: [Multiverse-Inventories] Disabling Multiverse-Inventories v4.2.2-b500
[15:06:34] [Server thread/INFO]: [Multiverse-Core] Disabling Multiverse-Core v4.3.1-b861
[15:06:34] [Server thread/INFO]: [IridiumSkyblock] Disabling IridiumSkyblock v3.2.5
[15:06:34] [Server thread/INFO]: [IridiumSkyblock] -------------------------------
[15:06:34] [Server thread/INFO]: [IridiumSkyblock] 
[15:06:34] [Server thread/INFO]: [IridiumSkyblock] IridiumSkyblock Disabled!
[15:06:34] [Server thread/INFO]: [IridiumSkyblock] 
[15:06:34] [Server thread/INFO]: [IridiumSkyblock] -------------------------------
[15:06:34] [Server thread/INFO]: [Vault] Disabling Vault v1.7.3-b131
[15:06:34] [Server thread/INFO]: Saving players
[15:06:34] [Server thread/INFO]: Test lost connection: Server closed
[15:06:34] [Server thread/INFO]: Test left the game
[15:06:34] [Server thread/INFO]: Saving worlds
[15:06:34] [Server thread/INFO]: Saving chunks for level 'ServerLevel[world]'/minecraft:overworld
[15:06:35] [Server thread/INFO]: Saving chunks for level 'ServerLevel[world_nether]'/minecraft:the_nether
[15:06:35] [Server thread/INFO]: Saving chunks for level 'ServerLevel[world_the_end]'/minecraft:the_end
[15:06:36] [Server thread/INFO]: Saving chunks for level 'ServerLevel[IridiumSkyblock]'/minecraft:iridiumskyblock
[15:06:36] [Server thread/INFO]: Saving chunks for level 'ServerLevel[IridiumSkyblock_nether]'/minecraft:iridiumskyblock_nether
[15:06:36] [Server thread/INFO]: Saving chunks for level 'ServerLevel[IridiumSkyblock_the_end]'/minecraft:iridiumskyblock_the_end
[15:06:36] [Server thread/INFO]: ThreadedAnvilChunkStorage (world): All chunks are saved
[15:06:36] [Server thread/INFO]: ThreadedAnvilChunkStorage (DIM-1): All chunks are saved
[15:06:36] [Server thread/INFO]: ThreadedAnvilChunkStorage (DIM1): All chunks are saved
[15:06:36] [Server thread/INFO]: ThreadedAnvilChunkStorage (IridiumSkyblock): All chunks are saved
[15:06:36] [Server thread/INFO]: ThreadedAnvilChunkStorage (DIM-1): All chunks are saved
[15:06:36] [Server thread/INFO]: ThreadedAnvilChunkStorage (DIM1): All chunks are saved
[15:06:36] [Server thread/INFO]: ThreadedAnvilChunkStorage: All dimensions are saved
[15:06:36] [Server thread/INFO]: Flushing Chunk IO
[15:06:36] [Server thread/INFO]: Closing Thread Pool
[15:06:36] [Server thread/INFO]: Closing Server
