[20:54:28] [ServerMain/INFO]: Environment: authHost='https://authserver.mojang.com', accountsHost='https://api.mojang.com', sessionHost='https://sessionserver.mojang.com', servicesHost='https://api.minecraftservices.com', name='PROD'
[20:54:29] [ServerMain/INFO]: Reloading ResourceManager: Default, bukkit
[20:54:31] [Worker-Main-1/INFO]: Loaded 7 recipes
[20:54:35] [Server thread/INFO]: Starting minecraft server version 1.18.1
[20:54:35] [Server thread/INFO]: Loading properties
[20:54:35] [Server thread/INFO]: This server is running Patina version git-Paper-"4f577f6" (MC: 1.18.1) (Implementing API version 1.18.1-R0.1-SNAPSHOT) (Git: 4f577f6 on ver/1.18.1)
[20:54:35] [Server thread/INFO]: Server Ping Player Sample Count: 12
[20:54:35] [Server thread/INFO]: Using 4 threads for Netty based IO
[20:54:35] [Server thread/WARN]: [Pufferfish] To improve performance, timings have been disabled by default
[20:54:35] [Server thread/WARN]: [Pufferfish] You can still use timings by using /timings on, but they will not start on server startup unless you set timings.really-enabled to true in paper.yml
[20:54:35] [Server thread/WARN]: [Pufferfish] If you would like to disable this message, either set timings.really-enabled to true or timings.enabled to false.
[20:54:35] [Server thread/INFO]: Default game type: SURVIVAL
[20:54:35] [Server thread/INFO]: Generating keypair
[20:54:36] [Server thread/INFO]: Starting Minecraft server on 127.0.0.1:25577
[20:54:36] [Server thread/INFO]: Using epoll channel type
[20:54:36] [Server thread/INFO]: Paper: Using libdeflate (Linux x86_64) compression from Velocity.
[20:54:36] [Server thread/INFO]: Paper: Using OpenSSL 1.1.x (Linux x86_64) cipher from Velocity.
[20:54:37] [Server thread/INFO]: [SuperLobby] Loading SuperLobby v4.3.7
[20:54:37] [Server thread/INFO]: Server permissions file permissions.yml is empty, ignoring it
[20:54:37] [Server thread/WARN]: **** SERVER IS RUNNING IN OFFLINE/INSECURE MODE!
[20:54:37] [Server thread/WARN]: The server will make no attempt to authenticate usernames. Beware.
[20:54:37] [Server thread/WARN]: Whilst this makes it possible to use BungeeCord, unless access to your server is properly restricted, it also opens up the ability for hackers to connect with any username they choose.
[20:54:37] [Server thread/WARN]: Please see http://www.spigotmc.org/wiki/firewall-guide/ for further information.
[20:54:37] [Server thread/WARN]: To change this, set "online-mode" to "true" in the server.properties file.
[20:54:37] [Server thread/INFO]: Preparing level "world"
[20:54:38] [Server thread/INFO]: Preparing start region for dimension minecraft:overworld
[20:54:39] [Server thread/INFO]: Time elapsed: 752 ms
[20:54:39] [Server thread/INFO]: Preparing start region for dimension minecraft:the_nether
[20:54:39] [Server thread/INFO]: Time elapsed: 421 ms
[20:54:39] [Server thread/INFO]: Preparing start region for dimension minecraft:monstertower
[20:54:40] [Server thread/INFO]: Time elapsed: 395 ms
[20:54:40] [Server thread/INFO]: Preparing start region for dimension minecraft:bossarena
[20:54:40] [Server thread/INFO]: Time elapsed: 398 ms
[20:54:40] [Server thread/INFO]: Preparing start region for dimension minecraft:helheim
[20:54:40] [Server thread/INFO]: Time elapsed: 340 ms
[20:54:40] [Server thread/INFO]: Preparing start region for dimension minecraft:islands
[20:54:41] [Server thread/INFO]: Time elapsed: 664 ms
[20:54:41] [Server thread/INFO]: Preparing start region for dimension minecraft:duels
[20:54:41] [Server thread/INFO]: Time elapsed: 445 ms
[20:54:41] [Server thread/INFO]: Preparing start region for dimension minecraft:lps
[20:54:42] [Server thread/INFO]: Time elapsed: 352 ms
[20:54:42] [Server thread/INFO]: [SuperLobby] Enabling SuperLobby v4.3.7
[20:54:42] [Server thread/INFO]: -=-=-=-=-=-=-=-=-=-=-=-=-=-=-=-=-=-=-=-=-=-=-=-=-=-=-=
[20:54:42] [Server thread/INFO]: [SuperLobby] [STDOUT]    _____                       _           _     _           
[20:54:42] [Server thread/WARN]: Nag author(s): '[PedroJM96]' of 'SuperLobby' about their usage of System.out/err.print. Please use your plugin's logger instead (JavaPlugin#getLogger).
[20:54:42] [Server thread/INFO]: [SuperLobby] [STDOUT]   / ____|                     | |         | |   | |          
[20:54:42] [Server thread/INFO]: [SuperLobby] [STDOUT]  | (___  _   _ _ __   ___ _ __| |     ___ | |__ | |__  _   _ 
[20:54:42] [Server thread/INFO]: [SuperLobby] [STDOUT]   \___ \| | | | '_ \ / _ \ '__| |    / _ \| '_ \| '_ \| | | |
[20:54:42] [Server thread/INFO]: [SuperLobby] [STDOUT]   ____) | |_| | |_) |  __/ |  | |___| (_) | |_) | |_) | |_| |
[20:54:42] [Server thread/INFO]: [SuperLobby] [STDOUT]  |_____/ \__,_| .__/ \___|_|  |______\___/|_.__/|_.__/ \__, |
[20:54:42] [Server thread/INFO]: [SuperLobby] [STDOUT]               | |                                       __/ |
[20:54:42] [Server thread/INFO]: [SuperLobby] [STDOUT]               |_|                                      |___/ 
[20:54:42] [Server thread/INFO]: [SuperLobby] [STDOUT]     
[20:54:42] [Server thread/INFO]: -=-=-=-=-=-=-=-=-=-=-=-=-=-=-=-=-=-=-=-=-=-=-=-=-=-=-=
[20:54:42] [Server thread/INFO]: [SuperLobby] Deluxe Version: V4.3.7
[20:54:42] [Server thread/INFO]: [SuperLobby] Plugin Create by PedroJM96.
[20:54:42] [Server thread/INFO]: [SuperLobby] Loading configuration...
[20:54:42] [Server thread/INFO]: [SuperLobby] Load config.yml
[20:54:42] [Server thread/INFO]: [SuperLobby] config.yml loaded.
[20:54:42] [Server thread/INFO]: [SuperLobby] Load messages_EN.yml
[20:54:42] [Server thread/INFO]: [SuperLobby] messages_EN.yml loaded.
[20:54:42] [Server thread/INFO]: [SuperLobby] Load spawn.yml
[20:54:42] [Server thread/INFO]: [SuperLobby] spawn.yml loaded.
[20:54:42] [Server thread/INFO]: [SuperLobby] Load chat.yml
[20:54:42] [Server thread/INFO]: [SuperLobby] chat.yml loaded.
[20:54:42] [Server thread/INFO]: [SuperLobby] Load infocommands.yml
[20:54:42] [Server thread/INFO]: [SuperLobby] infocommands.yml loaded.
[20:54:42] [Server thread/INFO]: [SuperLobby] Register info command /info
[20:54:42] [Server thread/INFO]: [SuperLobby] Register info command /youtubers
[20:54:42] [Server thread/INFO]: [SuperLobby] Register info command /socialpages
[20:54:42] [Server thread/INFO]: [SuperLobby] Register info command /rewards
[20:54:42] [Server thread/INFO]: [SuperLobby] Register info command /rules
[20:54:42] [Server thread/INFO]: [SuperLobby] Register info command /help
[20:54:42] [Server thread/INFO]: [SuperLobby] Load customevents.yml
[20:54:42] [Server thread/INFO]: [SuperLobby] customevents.yml loaded.
[20:54:42] [Server thread/INFO]: [SuperLobby] Load items.yml
[20:54:42] [Server thread/INFO]: [SuperLobby] items.yml loaded.
[20:54:42] [Server thread/INFO]: [SuperLobby] Lobby-Item: The item menu has an invalid item Material: SIGN.
[20:54:42] [Server thread/INFO]: [SuperLobby] Lobby-Item: The item profile has an invalid item Material: SKULL_ITEM.
[20:54:42] [Server thread/INFO]: [SuperLobby] Load menus.yml
[20:54:42] [Server thread/INFO]: [SuperLobby] menus.yml loaded.
[20:54:42] [Server thread/INFO]: [SuperLobby] Register command menu /menu
[20:54:42] [Server thread/INFO]: [SuperLobby] Register command menu /game
[20:54:42] [Server thread/INFO]: [SuperLobby] Register command menu /profile
[20:54:42] [Server thread/INFO]: [SuperLobby] Register command menu /shop
[20:54:42] [Server thread/INFO]: [SuperLobby] Load board.yml
[20:54:43] [Server thread/INFO]: [SuperLobby] board.yml loaded.
[20:54:43] [Server thread/INFO]: [SuperLobby] Load announcer.yml
[20:54:43] [Server thread/INFO]: [SuperLobby]Fatal-Error: Error on loaded announcer.yml.
[20:54:43] [Server thread/WARN]: org.bukkit.configuration.InvalidConfigurationException: while parsing a block mapping
[20:54:43] [Server thread/WARN]:  in 'reader', line 6, column 5:
[20:54:43] [Server thread/WARN]:         message1:
[20:54:43] [Server thread/WARN]:         ^
[20:54:43] [Server thread/WARN]: expected <block end>, but found '<scalar>'
[20:54:43] [Server thread/WARN]:  in 'reader', line 25, column 58:
[20:54:43] [Server thread/WARN]:      ... ------------------------------<'/
[20:54:43] [Server thread/WARN]:                                          ^
[20:54:43] [Server thread/WARN]: 
[20:54:43] [Server thread/WARN]: 	at org.bukkit.configuration.file.YamlConfiguration.loadFromString(YamlConfiguration.java:104)
[20:54:43] [Server thread/WARN]: 	at org.bukkit.configuration.file.FileConfiguration.load(FileConfiguration.java:160)
[20:54:43] [Server thread/WARN]: 	at SuperLobbyDeluxe-4.3.7-shaded.jar//com.pedrojm96.superlobby.CoreConfig.load(CoreConfig.java:184)
[20:54:43] [Server thread/WARN]: 	at SuperLobbyDeluxe-4.3.7-shaded.jar//com.pedrojm96.superlobby.CoreConfig.<init>(CoreConfig.java:86)
[20:54:43] [Server thread/WARN]: 	at SuperLobbyDeluxe-4.3.7-shaded.jar//com.pedrojm96.superlobby.SuperLobby.onEnable(SuperLobby.java:165)
[20:54:43] [Server thread/WARN]: 	at org.bukkit.plugin.java.JavaPlugin.setEnabled(JavaPlugin.java:264)
[20:54:43] [Server thread/WARN]: 	at org.bukkit.plugin.java.JavaPluginLoader.enablePlugin(JavaPluginLoader.java:370)
[20:54:43] [Server thread/WARN]: 	at org.bukkit.plugin.SimplePluginManager.enablePlugin(SimplePluginManager.java:500)
[20:54:43] [Server thread/WARN]: 	at org.bukkit.craftbukkit.v1_18_R1.CraftServer.enablePlugin(CraftServer.java:564)
[20:54:43] [Server thread/WARN]: 	at org.bukkit.craftbukkit.v1_18_R1.CraftServer.enablePlugins(CraftServer.java:478)
[20:54:43] [Server thread/WARN]: 	at net.minecraft.server.MinecraftServer.loadWorld0(MinecraftServer.java:730)
[20:54:43] [Server thread/WARN]: 	at net.minecraft.server.MinecraftServer.loadLevel(MinecraftServer.java:506)
[20:54:43] [Server thread/WARN]: 	at net.minecraft.server.dedicated.DedicatedServer.e(DedicatedServer.java:333)
[20:54:43] [Server thread/WARN]: 	at net.minecraft.server.MinecraftServer.w(MinecraftServer.java:1205)
[20:54:43] [Server thread/WARN]: 	at net.minecraft.server.MinecraftServer.lambda$spin$1(MinecraftServer.java:320)
[20:54:43] [Server thread/WARN]: 	at java.base/java.lang.Thread.run(Thread.java:833)
[20:54:43] [Server thread/WARN]: Caused by: while parsing a block mapping
[20:54:43] [Server thread/WARN]:  in 'reader', line 6, column 5:
[20:54:43] [Server thread/WARN]:         message1:
[20:54:43] [Server thread/WARN]:         ^
[20:54:43] [Server thread/WARN]: expected <block end>, but found '<scalar>'
[20:54:43] [Server thread/WARN]:  in 'reader', line 25, column 58:
[20:54:43] [Server thread/WARN]:      ... ------------------------------<'/
[20:54:43] [Server thread/WARN]:                                          ^
[20:54:43] [Server thread/WARN]: 
[20:54:43] [Server thread/WARN]: 	at org.yaml.snakeyaml.parser.ParserImpl$ParseBlockMappingKey.produce(ParserImpl.java:644)
[20:54:43] [Server thread/WARN]: 	at org.yaml.snakeyaml.parser.ParserImpl.peekEvent(ParserImpl.java:166)
[20:54:43] [Server thread/WARN]: 	at org.yaml.snakeyaml.comments.CommentEventsCollector$1.peek(CommentEventsCollector.java:59)
[20:54:43] [Server thread/WARN]: 	at org.yaml.snakeyaml.comments.CommentEventsCollector$1.peek(CommentEventsCollector.java:45)
[20:54:43] [Server thread/WARN]: 	at org.yaml.snakeyaml.comments.CommentEventsCollector.collectEvents(CommentEventsCollector.java:140)
[20:54:43] [Server thread/WARN]: 	at org.yaml.snakeyaml.comments.CommentEventsCollector.collectEvents(CommentEventsCollector.java:119)
[20:54:43] [Server thread/WARN]: 	at org.yaml.snakeyaml.composer.Composer.composeSequenceNode(Composer.java:252)
[20:54:43] [Server thread/WARN]: 	at org.yaml.snakeyaml.composer.Composer.composeNode(Composer.java:186)
[20:54:43] [Server thread/WARN]: 	at org.yaml.snakeyaml.composer.Composer.composeValueNode(Composer.java:314)
[20:54:43] [Server thread/WARN]: 	at org.yaml.snakeyaml.composer.Composer.composeMappingChildren(Composer.java:305)
[20:54:43] [Server thread/WARN]: 	at org.yaml.snakeyaml.composer.Composer.composeMappingNode(Composer.java:286)
[20:54:43] [Server thread/WARN]: 	at org.yaml.snakeyaml.composer.Composer.composeNode(Composer.java:188)
[20:54:43] [Server thread/WARN]: 	at org.yaml.snakeyaml.composer.Composer.composeValueNode(Composer.java:314)
[20:54:43] [Server thread/WARN]: 	at org.yaml.snakeyaml.composer.Composer.composeMappingChildren(Composer.java:305)
[20:54:43] [Server thread/WARN]: 	at org.yaml.snakeyaml.composer.Composer.composeMappingNode(Composer.java:286)
[20:54:43] [Server thread/WARN]: 	at org.yaml.snakeyaml.composer.Composer.composeNode(Composer.java:188)
[20:54:43] [Server thread/WARN]: 	at org.yaml.snakeyaml.composer.Composer.composeValueNode(Composer.java:314)
[20:54:43] [Server thread/WARN]: 	at org.yaml.snakeyaml.composer.Composer.composeMappingChildren(Composer.java:305)
[20:54:43] [Server thread/WARN]: 	at org.yaml.snakeyaml.composer.Composer.composeMappingNode(Composer.java:286)
[20:54:43] [Server thread/WARN]: 	at org.yaml.snakeyaml.composer.Composer.composeNode(Composer.java:188)
[20:54:43] [Server thread/WARN]: 	at org.yaml.snakeyaml.composer.Composer.getNode(Composer.java:115)
[20:54:43] [Server thread/WARN]: 	at org.yaml.snakeyaml.composer.Composer.getSingleNode(Composer.java:142)
[20:54:43] [Server thread/WARN]: 	at org.yaml.snakeyaml.Yaml.compose(Yaml.java:575)
[20:54:43] [Server thread/WARN]: 	at org.bukkit.configuration.file.YamlConfiguration.loadFromString(YamlConfiguration.java:102)
[20:54:43] [Server thread/WARN]: 	... 15 more
[20:54:43] [Server thread/INFO]: [SuperLobby] Load firstjoin.yml
[20:54:43] [Server thread/INFO]: [SuperLobby] firstjoin.yml loaded.
[20:54:43] [Server thread/INFO]: [SuperLobby] Register commands...
[20:54:43] [Server thread/INFO]: [SuperLobby] Register main command superlobby
[20:54:43] [Server thread/INFO]: [SuperLobby] Register sub-command setspawn
[20:54:43] [Server thread/INFO]: [SuperLobby] Register sub-command setspawnpermission
[20:54:43] [Server thread/INFO]: [SuperLobby] Register sub-command remspawn
[20:54:43] [Server thread/INFO]: [SuperLobby] Register sub-command reload
[20:54:43] [Server thread/INFO]: [SuperLobby] Register sub-command help
[20:54:43] [Server thread/INFO]: [SuperLobby] Register sub-command openmenu
[20:54:43] [Server thread/INFO]: [SuperLobby] A total of 4 menus were loaded.
[20:54:43] [Server thread/INFO]: -=-=-=-=-=-=-=-=-=-=-=-=-=-=-=-=-=-=-=-=-=-=-=-=-=-=-=
[20:54:43] [Server thread/INFO]: Running delayed init tasks
[20:54:45] [Server thread/INFO]: Done (10.264s)! For help, type "help"
[20:54:45] [Server thread/INFO]: Timings Reset
[20:56:44] [User Authenticator #1/INFO]: UUID of player KRISPIWINS is d80a6cc1-2a12-4ae4-a2f5-2b800d3a2f0f
[20:56:44] [Server thread/INFO]: The owner KRISPIWINS joined the server!
[20:56:44] [Server thread/INFO]: KRISPIWINS[/109.235.219.214:39665] logged in with entity id 49 at ([world]19.5, 68.0, -23.5)
[20:59:32] [Server thread/INFO]: KRISPIWINS lost connection: Disconnected
[20:59:32] [Server thread/INFO]: The owner KRISPIWINS leave the server!
[20:59:49] [Server thread/WARN]: Can't keep up! Is the server overloaded? Running 5007ms or 100 ticks behind
[21:16:05] [Server thread/INFO]: Stopping server
[21:16:05] [Server thread/INFO]: [SuperLobby] Disabling SuperLobby v4.3.7
[21:16:05] [Server thread/INFO]: Saving players
[21:16:05] [Server thread/INFO]: Saving worlds
[21:16:05] [Server thread/INFO]: Saving chunks for level 'ServerLevel[world]'/minecraft:overworld
[21:16:05] [Server thread/INFO]: Saving chunks for level 'ServerLevel[world_nether]'/minecraft:the_nether
[21:16:05] [Server thread/INFO]: Saving chunks for level 'ServerLevel[world_minecraft_monstertower]'/minecraft:monstertower
[21:16:05] [Server thread/INFO]: Saving chunks for level 'ServerLevel[world_minecraft_bossarena]'/minecraft:bossarena
[21:16:05] [Server thread/INFO]: Saving chunks for level 'ServerLevel[world_minecraft_helheim]'/minecraft:helheim
[21:16:05] [Server thread/INFO]: Saving chunks for level 'ServerLevel[world_minecraft_islands]'/minecraft:islands
[21:16:05] [Server thread/INFO]: Saving chunks for level 'ServerLevel[world_minecraft_duels]'/minecraft:duels
[21:16:05] [Server thread/INFO]: Saving chunks for level 'ServerLevel[world_minecraft_lps]'/minecraft:lps
[21:16:05] [Server thread/INFO]: ThreadedAnvilChunkStorage (world): All chunks are saved
[21:16:05] [Server thread/INFO]: ThreadedAnvilChunkStorage (DIM-1): All chunks are saved
[21:16:05] [Server thread/INFO]: ThreadedAnvilChunkStorage (monstertower): All chunks are saved
[21:16:05] [Server thread/INFO]: ThreadedAnvilChunkStorage (bossarena): All chunks are saved
[21:16:05] [Server thread/INFO]: ThreadedAnvilChunkStorage (helheim): All chunks are saved
[21:16:05] [Server thread/INFO]: ThreadedAnvilChunkStorage (islands): All chunks are saved
[21:16:05] [Server thread/INFO]: ThreadedAnvilChunkStorage (duels): All chunks are saved
[21:16:05] [Server thread/INFO]: ThreadedAnvilChunkStorage (lps): All chunks are saved
[21:16:05] [Server thread/INFO]: ThreadedAnvilChunkStorage: All dimensions are saved
[21:16:05] [Server thread/INFO]: Flushing Chunk IO
[21:16:05] [Server thread/INFO]: Closing Thread Pool
[21:16:05] [Server thread/INFO]: Closing Server
