[15:05:06] [ServerMain/INFO]: Environment: authHost='https://authserver.mojang.com', accountsHost='https://api.mojang.com', sessionHost='https://sessionserver.mojang.com', servicesHost='https://api.minecraftservices.com', name='PROD'
[15:05:07] [ServerMain/INFO]: Reloading ResourceManager: Default, bukkit
[15:05:09] [Worker-Main-1/INFO]: Loaded 7 recipes
[15:05:11] [Server thread/INFO]: Starting minecraft server version 1.18.1
[15:05:11] [Server thread/INFO]: Loading properties
[15:05:11] [Server thread/INFO]: This server is running Patina version git-Paper-"4f577f6" (MC: 1.18.1) (Implementing API version 1.18.1-R0.1-SNAPSHOT) (Git: 4f577f6 on ver/1.18.1)
[15:05:11] [Server thread/INFO]: Server Ping Player Sample Count: 12
[15:05:11] [Server thread/INFO]: Using 4 threads for Netty based IO
[15:05:11] [Server thread/WARN]: [Pufferfish] To improve performance, timings have been disabled by default
[15:05:11] [Server thread/WARN]: [Pufferfish] You can still use timings by using /timings on, but they will not start on server startup unless you set timings.really-enabled to true in paper.yml
[15:05:11] [Server thread/WARN]: [Pufferfish] If you would like to disable this message, either set timings.really-enabled to true or timings.enabled to false.
[15:05:12] [Server thread/INFO]: Default game type: SURVIVAL
[15:05:12] [Server thread/INFO]: Generating keypair
[15:05:12] [Server thread/INFO]: Starting Minecraft server on 127.0.0.1:25577
[15:05:12] [Server thread/INFO]: Using epoll channel type
[15:05:12] [Server thread/INFO]: Paper: Using libdeflate (Linux x86_64) compression from Velocity.
[15:05:12] [Server thread/INFO]: Paper: Using OpenSSL 1.1.x (Linux x86_64) cipher from Velocity.
[15:05:12] [Server thread/INFO]: Server permissions file permissions.yml is empty, ignoring it
[15:05:12] [Server thread/WARN]: **** SERVER IS RUNNING IN OFFLINE/INSECURE MODE!
[15:05:12] [Server thread/WARN]: The server will make no attempt to authenticate usernames. Beware.
[15:05:12] [Server thread/WARN]: Whilst this makes it possible to use BungeeCord, unless access to your server is properly restricted, it also opens up the ability for hackers to connect with any username they choose.
[15:05:12] [Server thread/WARN]: Please see http://www.spigotmc.org/wiki/firewall-guide/ for further information.
[15:05:12] [Server thread/WARN]: To change this, set "online-mode" to "true" in the server.properties file.
[15:05:12] [Server thread/INFO]: Preparing level "world"
[15:05:13] [Server thread/INFO]: Preparing start region for dimension minecraft:overworld
[15:05:14] [Server thread/INFO]: Preparing spawn area: 0%
[15:05:14] [Server thread/INFO]: Preparing spawn area: 0%
[15:05:14] [Server thread/INFO]: Preparing spawn area: 0%
[15:05:14] [Server thread/INFO]: Time elapsed: 1052 ms
[15:05:14] [Server thread/INFO]: Preparing start region for dimension minecraft:the_nether
[15:05:15] [Server thread/INFO]: Time elapsed: 236 ms
[15:05:15] [Server thread/INFO]: Preparing start region for dimension minecraft:monstertower
[15:05:15] [Server thread/INFO]: Time elapsed: 335 ms
[15:05:15] [Server thread/INFO]: Preparing start region for dimension minecraft:bossarena
[15:05:15] [Server thread/INFO]: Time elapsed: 407 ms
[15:05:15] [Server thread/INFO]: Preparing start region for dimension minecraft:helheim
[15:05:16] [Server thread/INFO]: Time elapsed: 279 ms
[15:05:16] [Server thread/INFO]: Preparing start region for dimension minecraft:islands
[15:05:16] [Server thread/INFO]: Time elapsed: 232 ms
[15:05:16] [Server thread/INFO]: Preparing start region for dimension minecraft:duels
[15:05:16] [Server thread/INFO]: Time elapsed: 161 ms
[15:05:16] [Server thread/INFO]: Preparing start region for dimension minecraft:lps
[15:05:16] [Server thread/INFO]: Time elapsed: 215 ms
[15:05:16] [Server thread/INFO]: Running delayed init tasks
[15:05:16] [Server thread/INFO]: Done (5.385s)! For help, type "help"
[15:05:16] [Server thread/INFO]: Timings Reset
[15:05:31] [User Authenticator #1/INFO]: UUID of player KRISPIWINS is 7d37b614-a227-3ed0-ae6d-5b1df6827db9
[15:05:31] [Server thread/INFO]: KRISPIWINS joined the game
[15:05:31] [Server thread/INFO]: KRISPIWINS[/109.235.219.214:49651] logged in with entity id 46 at ([world]25.85599207892664, 68.0, -6.062020588270255)
[15:05:37] [User Authenticator #1/INFO]: UUID of player Test is 444cf323-978c-3e83-9288-612345bfec67
[15:05:37] [Server thread/INFO]: Test joined the game
[15:05:37] [Server thread/INFO]: Test[/109.235.219.214:40943] logged in with entity id 47 at ([world]23.464067561849795, 68.0, -6.919088704544621)
[15:05:48] [Server thread/INFO]: Test lost connection: Disconnected
[15:05:48] [Server thread/INFO]: Test left the game
[15:06:36] [Server thread/INFO]: Stopping server
[15:06:36] [Server thread/INFO]: Saving players
[15:06:36] [Server thread/INFO]: KRISPIWINS lost connection: Server closed
[15:06:36] [Server thread/INFO]: KRISPIWINS left the game
[15:06:36] [Server thread/INFO]: Saving worlds
[15:06:36] [Server thread/INFO]: Saving chunks for level 'ServerLevel[world]'/minecraft:overworld
[15:06:37] [Server thread/INFO]: Saving chunks for level 'ServerLevel[world_nether]'/minecraft:the_nether
[15:06:37] [Server thread/INFO]: Saving chunks for level 'ServerLevel[world_minecraft_monstertower]'/minecraft:monstertower
[15:06:37] [Server thread/INFO]: Saving chunks for level 'ServerLevel[world_minecraft_bossarena]'/minecraft:bossarena
[15:06:38] [Server thread/INFO]: Saving chunks for level 'ServerLevel[world_minecraft_helheim]'/minecraft:helheim
[15:06:38] [Server thread/INFO]: Saving chunks for level 'ServerLevel[world_minecraft_islands]'/minecraft:islands
[15:06:38] [Server thread/INFO]: Saving chunks for level 'ServerLevel[world_minecraft_duels]'/minecraft:duels
[15:06:38] [Server thread/INFO]: Saving chunks for level 'ServerLevel[world_minecraft_lps]'/minecraft:lps
[15:06:38] [Server thread/INFO]: ThreadedAnvilChunkStorage (world): All chunks are saved
[15:06:38] [Server thread/INFO]: ThreadedAnvilChunkStorage (DIM-1): All chunks are saved
[15:06:38] [Server thread/INFO]: ThreadedAnvilChunkStorage (monstertower): All chunks are saved
[15:06:38] [Server thread/INFO]: ThreadedAnvilChunkStorage (bossarena): All chunks are saved
[15:06:38] [Server thread/INFO]: ThreadedAnvilChunkStorage (helheim): All chunks are saved
[15:06:38] [Server thread/INFO]: ThreadedAnvilChunkStorage (islands): All chunks are saved
[15:06:38] [Server thread/INFO]: ThreadedAnvilChunkStorage (duels): All chunks are saved
[15:06:38] [Server thread/INFO]: ThreadedAnvilChunkStorage (lps): All chunks are saved
[15:06:38] [Server thread/INFO]: ThreadedAnvilChunkStorage: All dimensions are saved
[15:06:38] [Server thread/INFO]: Flushing Chunk IO
[15:06:38] [Server thread/INFO]: Closing Thread Pool
[15:06:38] [Server thread/INFO]: Closing Server
